<?xml version="1.0" encoding="UTF-8"?>
<!-- Generated by org.testng.reporters.JUnitReportReporter -->
<testsuite hostname="LAPTOP-7D4P942G" failures="0" tests="1" name="downloadandupload.dwonloadfile" time="3.881" errors="0" timestamp="2022-12-16T12:04:43 IST" skipped="0">
  <testcase classname="downloadandupload.dwonloadfile" name="download" time="3.881"/>
  <system-out/>
</testsuite> <!-- downloadandupload.dwonloadfile -->
